<?xml version="1.0" encoding="UTF-8"?>
<!-- Generated by org.testng.reporters.JUnitXMLReporter -->
<testsuite hostname="DIN35003515" ignored="3" name="Test" tests="2" failures="0" timestamp="30 Oct 2018 13:12:46 GMT" time="31.379" errors="0">
  <testcase name="testValidLogin" time="4.916" classname="com.ProjectByJai.testScript.LoginTest"/>
  <testcase name="testTillPaymentPage" time="11.675" classname="com.ProjectByJai.testScript.TillPaymentPage"/>
  <testcase name="@BeforeTest beforeMethod" time="0.0" classname="com.ProjectByJai.testBase.TestBase">
    <ignored/>
  </testcase> <!-- @BeforeTest beforeMethod -->
  <testcase name="@BeforeSuite beforeSuite" time="0.0" classname="com.ProjectByJai.testBase.TestBase">
    <ignored/>
  </testcase> <!-- @BeforeSuite beforeSuite -->
  <testcase name="@AfterTest afterTest" time="0.0" classname="com.ProjectByJai.testBase.TestBase">
    <ignored/>
  </testcase> <!-- @AfterTest afterTest -->
</testsuite> <!-- Test -->
