<?xml version="1.0" encoding="UTF-8"?>
<testng-results skipped="0" failed="0" ignored="0" total="1" passed="1">
  <reporter-output>
    <line>
      <![CDATA[captureScreen method called]]>
    </line>
    <line>
      <![CDATA[<a href='C:\Users\jgangwan\git\ProjectByJai\src\main\resources\screenshot\testValidLogin_21_02_2019_02_00_24.png'><img src='C:\Users\jgangwan\git\ProjectByJai\src\main\resources\screenshot\testValidLogin_21_02_2019_02_00_24.png'height='100' width='100'/></a>]]>
    </line>
  </reporter-output>
  <suite name="Default suite" duration-ms="52315" started-at="2019-02-21T08:29:33Z" finished-at="2019-02-21T08:30:25Z">
    <groups>
    </groups>
    <test name="Default test" duration-ms="52315" started-at="2019-02-21T08:29:33Z" finished-at="2019-02-21T08:30:25Z">
      <class name="com.ProjectByJai.testScript.LoginToSalesForce">
        <test-method status="PASS" signature="beforeSuite()[pri:0, instance:com.ProjectByJai.testScript.LoginToSalesForce@21213b92]" name="beforeSuite" is-config="true" duration-ms="182" started-at="2019-02-21T13:59:33Z" finished-at="2019-02-21T13:59:33Z">
          <reporter-output>
          </reporter-output>
        </test-method> <!-- beforeSuite -->
        <test-method status="PASS" signature="beforeMethod()[pri:0, instance:com.ProjectByJai.testScript.LoginToSalesForce@21213b92]" name="beforeMethod" is-config="true" duration-ms="20017" started-at="2019-02-21T13:59:33Z" finished-at="2019-02-21T13:59:53Z">
          <reporter-output>
          </reporter-output>
        </test-method> <!-- beforeMethod -->
        <test-method status="PASS" signature="beforeTest()[pri:0, instance:com.ProjectByJai.testScript.LoginToSalesForce@21213b92]" name="beforeTest" is-config="true" duration-ms="6" started-at="2019-02-21T13:59:53Z" finished-at="2019-02-21T13:59:53Z">
          <reporter-output>
          </reporter-output>
        </test-method> <!-- beforeTest -->
        <test-method status="PASS" signature="beforeMethod(java.lang.reflect.Method)[pri:0, instance:com.ProjectByJai.testScript.LoginToSalesForce@21213b92]" name="beforeMethod" is-config="true" duration-ms="20" started-at="2019-02-21T13:59:53Z" finished-at="2019-02-21T13:59:53Z">
          <params>
            <param index="0">
              <value>
                <![CDATA[public void com.ProjectByJai.testScript.LoginToSalesForce.testValidLogin()]]>
              </value>
            </param>
          </params>
          <reporter-output>
          </reporter-output>
        </test-method> <!-- beforeMethod -->
        <test-method status="PASS" signature="testValidLogin()[pri:0, instance:com.ProjectByJai.testScript.LoginToSalesForce@21213b92]" name="testValidLogin" duration-ms="31187" started-at="2019-02-21T13:59:53Z" finished-at="2019-02-21T14:00:24Z">
          <reporter-output>
          </reporter-output>
        </test-method> <!-- testValidLogin -->
        <test-method status="PASS" signature="afterMethod(org.testng.ITestResult)[pri:0, instance:com.ProjectByJai.testScript.LoginToSalesForce@21213b92]" name="afterMethod" is-config="true" duration-ms="1049" started-at="2019-02-21T14:00:24Z" finished-at="2019-02-21T14:00:25Z">
          <params>
            <param index="0">
              <value>
                <![CDATA[[TestResult name=testValidLogin status=SUCCESS method=LoginToSalesForce.testValidLogin()[pri:0, instance:com.ProjectByJai.testScript.LoginToSalesForce@21213b92] output={null}]]]>
              </value>
            </param>
          </params>
          <reporter-output>
            <line>
              <![CDATA[captureScreen method called]]>
            </line>
            <line>
              <![CDATA[<a href='C:\Users\jgangwan\git\ProjectByJai\src\main\resources\screenshot\testValidLogin_21_02_2019_02_00_24.png'><img src='C:\Users\jgangwan\git\ProjectByJai\src\main\resources\screenshot\testValidLogin_21_02_2019_02_00_24.png'height='100' width='100'/></a>]]>
            </line>
          </reporter-output>
        </test-method> <!-- afterMethod -->
      </class> <!-- com.ProjectByJai.testScript.LoginToSalesForce -->
    </test> <!-- Default test -->
  </suite> <!-- Default suite -->
</testng-results>
