<?xml version="1.0" encoding="UTF-8"?>
<testng-results skipped="0" failed="0" ignored="0" total="1" passed="1">
  <reporter-output>
  </reporter-output>
  <suite name="Default suite" duration-ms="55075" started-at="2018-10-07T12:59:24Z" finished-at="2018-10-07T13:00:19Z">
    <groups>
    </groups>
    <test name="Default test" duration-ms="55075" started-at="2018-10-07T12:59:24Z" finished-at="2018-10-07T13:00:19Z">
      <class name="com.ProjectByJai.testScript.TillPaymentPage">
        <test-method status="PASS" signature="beforeSuite()[pri:0, instance:com.ProjectByJai.testScript.TillPaymentPage@8080bb]" name="beforeSuite" is-config="true" duration-ms="361" started-at="2018-10-07T18:29:24Z" finished-at="2018-10-07T18:29:24Z">
          <reporter-output>
          </reporter-output>
        </test-method> <!-- beforeSuite -->
        <test-method status="PASS" signature="beforeMethod()[pri:0, instance:com.ProjectByJai.testScript.TillPaymentPage@8080bb]" name="beforeMethod" is-config="true" duration-ms="22292" started-at="2018-10-07T18:29:24Z" finished-at="2018-10-07T18:29:47Z">
          <reporter-output>
          </reporter-output>
        </test-method> <!-- beforeMethod -->
        <test-method status="PASS" signature="beforeTest()[pri:0, instance:com.ProjectByJai.testScript.TillPaymentPage@8080bb]" name="beforeTest" is-config="true" duration-ms="6" started-at="2018-10-07T18:29:47Z" finished-at="2018-10-07T18:29:47Z">
          <reporter-output>
          </reporter-output>
        </test-method> <!-- beforeTest -->
        <test-method status="PASS" signature="beforeMethod(java.lang.reflect.Method)[pri:0, instance:com.ProjectByJai.testScript.TillPaymentPage@8080bb]" name="beforeMethod" is-config="true" duration-ms="21" started-at="2018-10-07T18:29:47Z" finished-at="2018-10-07T18:29:47Z">
          <params>
            <param index="0">
              <value>
                <![CDATA[public void com.ProjectByJai.testScript.TillPaymentPage.testTillPaymentPage()]]>
              </value>
            </param>
          </params>
          <reporter-output>
          </reporter-output>
        </test-method> <!-- beforeMethod -->
        <test-method status="PASS" signature="testTillPaymentPage()[pri:0, instance:com.ProjectByJai.testScript.TillPaymentPage@8080bb]" name="testTillPaymentPage" duration-ms="32026" started-at="2018-10-07T18:29:47Z" finished-at="2018-10-07T18:30:19Z">
          <reporter-output>
          </reporter-output>
        </test-method> <!-- testTillPaymentPage -->
        <test-method status="PASS" signature="afterMethod(org.testng.ITestResult)[pri:0, instance:com.ProjectByJai.testScript.TillPaymentPage@8080bb]" name="afterMethod" is-config="true" duration-ms="674" started-at="2018-10-07T18:30:19Z" finished-at="2018-10-07T18:30:19Z">
          <params>
            <param index="0">
              <value>
                <![CDATA[[TestResult name=testTillPaymentPage status=SUCCESS method=TillPaymentPage.testTillPaymentPage()[pri:0, instance:com.ProjectByJai.testScript.TillPaymentPage@8080bb] output={null}]]]>
              </value>
            </param>
          </params>
          <reporter-output>
          </reporter-output>
        </test-method> <!-- afterMethod -->
        <test-method status="PASS" signature="afterTest()[pri:0, instance:com.ProjectByJai.testScript.TillPaymentPage@8080bb]" name="afterTest" is-config="true" duration-ms="0" started-at="2018-10-07T18:30:19Z" finished-at="2018-10-07T18:30:19Z">
          <reporter-output>
          </reporter-output>
        </test-method> <!-- afterTest -->
      </class> <!-- com.ProjectByJai.testScript.TillPaymentPage -->
    </test> <!-- Default test -->
  </suite> <!-- Default suite -->
</testng-results>
